<?xml version="1.0" encoding="UTF-8" ?>
<testsuite tests="8" failures="0" name="com.hillel.hwYorsh15.CalculatorNegativeNumberTest" time="0.004" errors="0" skipped="0">
  <properties>
[...]
</properties>
  <testcase classname="com.hillel.hwYorsh15.CalculatorNegativeNumberTest" name="testCalculateMinusNegative" time="0.003"/>
  <testcase classname="com.hillel.hwYorsh15.CalculatorNegativeNumberTest" name="testCalculatePlusNegative" time="0"/>
  <testcase classname="com.hillel.hwYorsh15.CalculatorNegativeNumberTest" name="testCalculateMultiplyNegative" time="0"/>
  <testcase classname="com.hillel.hwYorsh15.CalculatorNegativeNumberTest" name="testCalculatePlusPositiveNegative" time="0"/>
  <testcase classname="com.hillel.hwYorsh15.CalculatorNegativeNumberTest" name="testCalculateDividePositiveNegative" time="0"/>
  <testcase classname="com.hillel.hwYorsh15.CalculatorNegativeNumberTest" name="testCalculateMinusPositiveNegative" time="0.001"/>
  <testcase classname="com.hillel.hwYorsh15.CalculatorNegativeNumberTest" name="testCalculateDivideNegative" time="0"/>
  <testcase classname="com.hillel.hwYorsh15.CalculatorNegativeNumberTest" name="testCalculateMultiplyPositiveNegative" time="0"/>
</testsuite>